2020-01-08 07:49:45,661 INFO  [Log4j1] inside before 
2020-01-08 07:49:45,664 INFO  [Log4j1] hello 
2020-01-08 07:58:52,834 INFO  [devpinoylogger] inside before 
2020-01-08 07:58:52,835 INFO  [devpinoylogger] hello 
2020-01-08 08:00:43,482 INFO  [devpinoylogger] inside before 
2020-01-08 08:00:43,483 INFO  [devpinoylogger] hello 
2020-01-09 10:48:33,908 INFO  [devpinoylogger] inside before 
2020-01-09 10:48:33,909 INFO  [devpinoylogger] hello2020-01-10 12:43:02,054 INFO  [Log] launching browser 
2020-01-10 12:47:44,289 INFO  [Log] launching browser 
2020-01-10 12:47:44,290 INFO  [Log] **************************************************************************************** 
2020-01-10 12:47:44,290 INFO  [Log] **************************************************************************************** 
2020-01-10 12:47:44,297 INFO  [Log] $$$$$$$$$$$$$$$$$$$$$                 login_fb1       $$$$$$$$$$$$$$$$$$$$$$$$$ 
2020-01-10 12:47:44,297 INFO  [Log] **************************************************************************************** 
2020-01-10 12:47:44,297 INFO  [Log] **************************************************************************************** 
2020-01-10 13:24:14,594 INFO  [Log] launching browser 
2020-01-10 13:24:14,594 INFO  [Log] **************************************************************************************** 
2020-01-10 13:24:14,594 INFO  [Log] **************************************************************************************** 
2020-01-10 13:24:14,594 INFO  [Log] $$$$$$$$$$$$$$$$$$$$$                 login_fb1       $$$$$$$$$$$$$$$$$$$$$$$$$ 
2020-01-10 13:24:14,594 INFO  [Log] **************************************************************************************** 
2020-01-10 13:24:14,594 INFO  [Log] **************************************************************************************** 
2020-01-10 13:38:38,759 INFO  [Log] launching browser 
2020-01-10 13:38:38,759 INFO  [Log] **************************************************************************************** 
2020-01-10 13:38:38,759 INFO  [Log] **************************************************************************************** 
2020-01-10 13:38:38,759 INFO  [Log] $$$$$$$$$$$$$$$$$$$$$                 login_fb1       $$$$$$$$$$$$$$$$$$$$$$$$$ 
2020-01-10 13:38:38,759 INFO  [Log] **************************************************************************************** 
2020-01-10 13:38:38,759 INFO  [Log] **************************************************************************************** 
2020-01-10 13:39:30,540 INFO  [Log] XXXXXXXXXXXXXXXXXXXXXXX             -E---N---D-             XXXXXXXXXXXXXXXXXXXXXX 
2020-01-10 13:39:30,540 INFO  [Log] X 
2020-01-10 13:39:30,540 INFO  [Log] X 
2020-01-10 13:39:30,540 INFO  [Log] X 
2020-01-10 13:39:30,540 INFO  [Log] X 
2020-01-10 13:45:10,286 INFO  [Log] launching browser 
2020-01-10 13:45:10,286 INFO  [Log] **************************************************************************************** 
2020-01-10 13:45:10,286 INFO  [Log] **************************************************************************************** 
2020-01-10 13:45:10,286 INFO  [Log] $$$$$$$$$$$$$$$$$$$$$                 login_fb1       $$$$$$$$$$$$$$$$$$$$$$$$$ 
2020-01-10 13:45:10,286 INFO  [Log] **************************************************************************************** 
2020-01-10 13:45:10,286 INFO  [Log] **************************************************************************************** 
2020-01-10 13:45:32,133 INFO  [Log] XXXXXXXXXXXXXXXXXXXXXXX             -E---N---D-             XXXXXXXXXXXXXXXXXXXXXX 
2020-01-10 13:45:32,133 INFO  [Log] X 
2020-01-10 13:45:32,133 INFO  [Log] X 
2020-01-10 13:45:32,133 INFO  [Log] X 
2020-01-10 13:45:32,133 INFO  [Log] X 
2020-01-10 13:46:17,929 INFO  [Log] launching browser 
2020-01-10 13:46:17,929 INFO  [Log] **************************************************************************************** 
2020-01-10 13:46:17,929 INFO  [Log] **************************************************************************************** 
2020-01-10 13:46:17,929 INFO  [Log] $$$$$$$$$$$$$$$$$$$$$                 login_fb2       $$$$$$$$$$$$$$$$$$$$$$$$$ 
2020-01-10 13:46:17,929 INFO  [Log] **************************************************************************************** 
2020-01-10 13:46:17,929 INFO  [Log] **************************************************************************************** 
2020-01-10 13:46:21,803 INFO  [Log] XXXXXXXXXXXXXXXXXXXXXXX             -E---N---D-             XXXXXXXXXXXXXXXXXXXXXX 
2020-01-10 13:46:21,803 INFO  [Log] X 
2020-01-10 13:46:21,803 INFO  [Log] X 
2020-01-10 13:46:21,803 INFO  [Log] X 
2020-01-10 13:46:21,803 INFO  [Log] X 
2020-01-10 13:49:34,013 INFO  [devpinoylogger] inside before 
2020-01-10 13:49:34,013 INFO  [devpinoylogger] hello 
2020-01-10 13:52:48,876 INFO  [Log] launching browser 
2020-01-10 13:52:48,876 INFO  [Log] **************************************************************************************** 
2020-01-10 13:52:48,876 INFO  [Log] **************************************************************************************** 
2020-01-10 13:52:48,876 INFO  [Log] $$$$$$$$$$$$$$$$$$$$$                 login_fb1       $$$$$$$$$$$$$$$$$$$$$$$$$ 
2020-01-10 13:52:48,876 INFO  [Log] **************************************************************************************** 
2020-01-10 13:52:48,876 INFO  [Log] **************************************************************************************** 
2020-01-10 13:53:16,466 INFO  [Log] XXXXXXXXXXXXXXXXXXXXXXX             -E---N---D-             XXXXXXXXXXXXXXXXXXXXXX 
2020-01-10 13:53:16,466 INFO  [Log] X 
2020-01-10 13:53:16,466 INFO  [Log] X 
2020-01-10 13:53:16,466 INFO  [Log] X 
2020-01-10 13:53:16,466 INFO  [Log] X 
2020-01-10 13:53:58,282 INFO  [Log] launching browser 
2020-01-10 13:53:58,282 INFO  [Log] **************************************************************************************** 
2020-01-10 13:53:58,282 INFO  [Log] **************************************************************************************** 
2020-01-10 13:53:58,282 INFO  [Log] $$$$$$$$$$$$$$$$$$$$$                 login_fb2       $$$$$$$$$$$$$$$$$$$$$$$$$ 
2020-01-10 13:53:58,282 INFO  [Log] **************************************************************************************** 
2020-01-10 13:53:58,282 INFO  [Log] **************************************************************************************** 
2020-01-10 13:54:07,625 INFO  [Log] XXXXXXXXXXXXXXXXXXXXXXX             -E---N---D-             XXXXXXXXXXXXXXXXXXXXXX 
2020-01-10 13:54:07,625 INFO  [Log] X 
2020-01-10 13:54:07,625 INFO  [Log] X 
2020-01-10 13:54:07,625 INFO  [Log] X 
2020-01-10 13:54:07,625 INFO  [Log] X 
2020-01-10 14:05:39,024 INFO  [Log] launching browser 
2020-01-10 14:05:39,050 INFO  [Log] **************************************************************************************** 
2020-01-10 14:05:39,050 INFO  [Log] **************************************************************************************** 
2020-01-10 14:05:39,050 INFO  [Log] $$$$$$$$$$$$$$$$$$$$$                 login_fb1       $$$$$$$$$$$$$$$$$$$$$$$$$ 
2020-01-10 14:05:39,050 INFO  [Log] **************************************************************************************** 
2020-01-10 14:05:39,051 INFO  [Log] **************************************************************************************** 
2020-01-10 14:06:55,650 INFO  [Log] launching browser 
2020-01-10 14:07:00,343 INFO  [Log] XXXXXXXXXXXXXXXXXXXXXXX             -E---N---D-             XXXXXXXXXXXXXXXXXXXXXX 
2020-01-10 14:07:00,343 INFO  [Log] X 
2020-01-10 14:07:00,343 INFO  [Log] X 
2020-01-10 14:07:00,343 INFO  [Log] X 
2020-01-10 14:07:00,343 INFO  [Log] X 
2020-01-11 18:12:39,252 INFO  [Log] launching browser 
2020-01-11 18:12:39,253 INFO  [Log] **************************************************************************************** 
2020-01-11 18:12:39,253 INFO  [Log] **************************************************************************************** 
2020-01-11 18:12:39,253 INFO  [Log] $$$$$$$$$$$$$$$$$$$$$                 login_fb1       $$$$$$$$$$$$$$$$$$$$$$$$$ 
2020-01-11 18:12:39,253 INFO  [Log] **************************************************************************************** 
2020-01-11 18:12:39,254 INFO  [Log] **************************************************************************************** 
2020-01-11 18:13:20,274 INFO  [Log] launching browser 
2020-02-24 19:44:42,311 INFO  [Log] launching browser 
2020-02-24 19:44:42,355 INFO  [Log] **************************************************************************************** 
2020-02-24 19:44:42,355 INFO  [Log] **************************************************************************************** 
2020-02-24 19:44:42,355 INFO  [Log] $$$$$$$$$$$$$$$$$$$$$                 login_fb1       $$$$$$$$$$$$$$$$$$$$$$$$$ 
2020-02-24 19:44:42,355 INFO  [Log] **************************************************************************************** 
2020-02-24 19:44:42,355 INFO  [Log] **************************************************************************************** 
2020-02-24 19:45:34,888 INFO  [Log] launching browser 
2020-03-14 23:27:33,529 INFO  [Log] launching browser 
2020-03-14 23:27:33,594 INFO  [Log] **************************************************************************************** 
2020-03-14 23:27:33,594 INFO  [Log] **************************************************************************************** 
2020-03-14 23:27:33,594 INFO  [Log] $$$$$$$$$$$$$$$$$$$$$                 login_fb1       $$$$$$$$$$$$$$$$$$$$$$$$$ 
2020-03-14 23:27:33,594 INFO  [Log] **************************************************************************************** 
2020-03-14 23:27:33,594 INFO  [Log] **************************************************************************************** 
2020-03-14 23:27:57,299 INFO  [Log] launching browser 
2020-03-14 23:27:58,121 INFO  [Log] XXXXXXXXXXXXXXXXXXXXXXX             -E---N---D-             XXXXXXXXXXXXXXXXXXXXXX 
2020-03-14 23:27:58,121 INFO  [Log] X 
2020-03-14 23:27:58,121 INFO  [Log] X 
2020-03-14 23:27:58,121 INFO  [Log] X 
2020-03-14 23:27:58,121 INFO  [Log] X 
2020-03-15 08:42:56,601 INFO  [Log] launching browser 
2020-03-15 08:42:56,677 INFO  [Log] **************************************************************************************** 
2020-03-15 08:42:56,677 INFO  [Log] **************************************************************************************** 
2020-03-15 08:42:56,677 INFO  [Log] $$$$$$$$$$$$$$$$$$$$$                 login_fb1       $$$$$$$$$$$$$$$$$$$$$$$$$ 
2020-03-15 08:42:56,677 INFO  [Log] **************************************************************************************** 
2020-03-15 08:42:56,677 INFO  [Log] **************************************************************************************** 
2020-03-15 08:43:30,013 INFO  [Log] launching browser 
2020-03-27 11:51:17,786 INFO  [Log] launching browser 
2020-03-27 11:51:17,876 INFO  [Log] **************************************************************************************** 
2020-03-27 11:51:17,876 INFO  [Log] **************************************************************************************** 
2020-03-27 11:51:17,876 INFO  [Log] $$$$$$$$$$$$$$$$$$$$$                 login_fb1       $$$$$$$$$$$$$$$$$$$$$$$$$ 
2020-03-27 11:51:17,876 INFO  [Log] **************************************************************************************** 
2020-03-27 11:51:17,876 INFO  [Log] **************************************************************************************** 
2020-03-27 11:51:54,931 INFO  [Log] launching browser 
2020-03-27 11:51:58,084 INFO  [Log] XXXXXXXXXXXXXXXXXXXXXXX             -E---N---D-             XXXXXXXXXXXXXXXXXXXXXX 
2020-03-27 11:51:58,084 INFO  [Log] X 
2020-03-27 11:51:58,084 INFO  [Log] X 
2020-03-27 11:51:58,085 INFO  [Log] X 
2020-03-27 11:51:58,085 INFO  [Log] X 
